Log file open, 02/20/17 15:17:47
LogInit:Display: Running engine for game: Platformer
LogPlatformFile: Not using cached read wrapper
LogInit:Display: RandInit(514112694) SRandInit(514112694).
LogTaskGraph: Started task graph with 5 named threads and 8 total threads with 1 sets of task threads.
LogStats: Stats thread started at 0.081473
LogInit: Using libcurl 7.47.1
LogInit:  - built for x86_64-pc-win32
LogInit:  - supports SSL with OpenSSL/1.0.2g
LogInit:  - supports HTTP deflate (compression) using libz 1.2.8
LogInit:  - other features:
LogInit:      CURL_VERSION_SSL
LogInit:      CURL_VERSION_LIBZ
LogInit:      CURL_VERSION_IPV6
LogInit:      CURL_VERSION_ASYNCHDNS
LogInit:      CURL_VERSION_LARGEFILE
LogInit:      CURL_VERSION_IDN
LogInit:  CurlRequestOptions (configurable via config and command line):
LogInit:  - bVerifyPeer = false  - Libcurl will NOT verify peer certificate
LogInit:  - bUseHttpProxy = false  - Libcurl will NOT use HTTP proxy
LogInit:  - bDontReuseConnections = false  - Libcurl will reuse connections
LogInit:  - CertBundlePath = nullptr  - Libcurl will use whatever was configured at build time.
OCULUS: Info: [CAPI] LibOVR module is located at C:\Program Files\Oculus\Support\oculus-runtime\LibOVRRT64_1.dll
OCULUS: Debug: Connected to the server running version (prod = 1).1.11.0(build = 343615) feature version = 0. Client runs version (prod = 1).1.11.0(build = 343615) feature version = 0
OCULUS: Debug: [HMDState] Using default profile default
OCULUS: Info: IAD changed to 64.8mm
OCULUS: Debug: [SharedMemory] Creating factory
LogInit: Build: ++UE4+Release-4.15-CL-3299760
LogInit: Engine Version: 4.15.0-3299760+++UE4+Release-4.15
LogInit: Compatible Engine Version: 4.15.0-3299760+++UE4+Release-4.15
LogInit: Net CL: 3299760
LogDevObjectVersion: Number of dev versions registered: 14
LogDevObjectVersion:   Dev-Blueprints (B0D832E4-1F89-4F0D-ACCF-7EB736FD4AA2): 8
LogDevObjectVersion:   Dev-Build (E1C64328-A22C-4D53-A36C-8E866417BD8C): 0
LogDevObjectVersion:   Dev-Core (375EC13C-06E4-48FB-B500-84F0262A717E): 2
LogDevObjectVersion:   Dev-Editor (E4B068ED-F494-42E9-A231-DA0B2E46BB41): 14
LogDevObjectVersion:   Dev-Framework (CFFC743F-43B0-4480-9391-14DF171D2073): 22
LogDevObjectVersion:   Dev-Mobile (B02B49B5-BB20-44E9-A304-32B752E40360): 0
LogDevObjectVersion:   Dev-Networking (A4E4105C-59A1-49B5-A7C5-40C4547EDFEE): 0
LogDevObjectVersion:   Dev-Online (39C831C9-5AE6-47DC-9A44-9C173E1C8E7C): 0
LogDevObjectVersion:   Dev-Physics (78F01B33-EBEA-4F98-B9B4-84EACCB95AA2): 0
LogDevObjectVersion:   Dev-Platform (6631380F-2D4D-43E0-8009-CF276956A95A): 0
LogDevObjectVersion:   Dev-Rendering (12F88B9F-8875-4AFC-A67C-D90C383ABD29): 12
LogDevObjectVersion:   Dev-Sequencer (7B5AE74C-D270-4C10-A958-57980B212A5A): 3
LogDevObjectVersion:   Dev-VR (D7296918-1DD6-4BDD-9DE2-64A83CC13884): 0
LogDevObjectVersion:   Dev-LoadTimes (C2A15278-BFE7-4AFE-6C17-90FF531DF755): 1
LogInit: Compiled (64-bit): Feb 14 2017 02:04:14
LogInit: Compiled with Visual C++: 19.00.23026.00
LogInit: Build Configuration: Development
LogInit: Branch Name: ++UE4+Release-4.15
LogInit: Command line: -EpicPortal 
LogInit: Base directory: C:/Program Files/Epic Games/UE_4.15/Engine/Binaries/Win64/
LogInit: Installed Engine Build: 1
LogInit: Presizing for max 8388607 objects, including 0 objects not considered by GC, pre-allocating 0 bytes for permanent pool.
LogInit: Object subsystem initialized
[2017.02.20-20.17.48:349][  0]LogInit: Selected Device Profile: [Windows]
[2017.02.20-20.17.48:349][  0]LogInit: Applying CVar settings loaded from the selected device profile: [Windows]
[2017.02.20-20.17.48:360][  0]LogInit: Computer: DESKTOP-VS7M4ND
[2017.02.20-20.17.48:360][  0]LogInit: User: Diego
[2017.02.20-20.17.48:360][  0]LogInit: CPU Page size=65536, Cores=4
[2017.02.20-20.17.48:360][  0]LogInit: High frequency timer resolution =3.417989 MHz
[2017.02.20-20.17.48:360][  0]LogMemory: Memory total: Physical=7.9GB (8GB approx)
[2017.02.20-20.17.48:360][  0]LogMemory: Platform Memory Stats for Windows
[2017.02.20-20.17.48:360][  0]LogMemory: Process Physical Memory: 272.45 MB used, 272.45 MB peak
[2017.02.20-20.17.48:360][  0]LogMemory: Process Virtual Memory: 266.15 MB used, 266.15 MB peak
[2017.02.20-20.17.48:360][  0]LogMemory: Physical Memory: 5612.91 MB used,  2463.47 MB free, 8076.38 MB total
[2017.02.20-20.17.48:360][  0]LogMemory: Virtual Memory: 671.99 MB used,  2463.47 MB free, 134217728.00 MB total
[2017.02.20-20.17.48:476][  0]LogTextLocalizationManager: No specific translations for ('en-US') exist, so ('en') translations will be used.
[2017.02.20-20.17.49:132][  0]LogD3D11RHI: D3D11 adapters:
[2017.02.20-20.17.49:609][  0]LogD3D11RHI:    0. 'NVIDIA GeForce GTX 1080' (Feature Level 11_0)
[2017.02.20-20.17.49:609][  0]LogD3D11RHI:       8144/0/4038 MB DedicatedVideo/DedicatedSystem/SharedSystem, Outputs:1, VendorId:0x10de
[2017.02.20-20.17.49:613][  0]LogD3D11RHI:    1. 'Intel(R) HD Graphics 4000' (Feature Level 11_0)
[2017.02.20-20.17.49:613][  0]LogD3D11RHI:       32/0/1760 MB DedicatedVideo/DedicatedSystem/SharedSystem, Outputs:0, VendorId:0x8086
[2017.02.20-20.17.49:614][  0]LogD3D11RHI:    2. 'Microsoft Basic Render Driver' (Feature Level 11_0)
[2017.02.20-20.17.49:614][  0]LogD3D11RHI:       0/0/4038 MB DedicatedVideo/DedicatedSystem/SharedSystem, Outputs:0, VendorId:0x1414
[2017.02.20-20.17.49:614][  0]LogD3D11RHI: Chosen D3D11 Adapter: 0
[2017.02.20-20.17.49:618][  0]LogD3D11RHI: Creating new Direct3DDevice
[2017.02.20-20.17.49:618][  0]LogD3D11RHI:     GPU DeviceId: 0x1b80 (for the marketing name, search the web for "GPU Device Id")
[2017.02.20-20.17.49:618][  0]LogWindows: EnumDisplayDevices:
[2017.02.20-20.17.49:618][  0]LogWindows:    0. 'NVIDIA GeForce GTX 1080' (P:1 D:1)
[2017.02.20-20.17.49:618][  0]LogWindows:    1. 'NVIDIA GeForce GTX 1080' (P:0 D:0)
[2017.02.20-20.17.49:619][  0]LogWindows:    2. 'NVIDIA GeForce GTX 1080' (P:0 D:0)
[2017.02.20-20.17.49:619][  0]LogWindows:    3. 'NVIDIA GeForce GTX 1080' (P:0 D:0)
[2017.02.20-20.17.49:619][  0]LogWindows:    4. 'Intel(R) HD Graphics 4000' (P:0 D:0)
[2017.02.20-20.17.49:619][  0]LogWindows:    5. 'Intel(R) HD Graphics 4000' (P:0 D:0)
[2017.02.20-20.17.49:619][  0]LogWindows:    6. 'Intel(R) HD Graphics 4000' (P:0 D:0)
[2017.02.20-20.17.49:620][  0]LogWindows: DebugString: PrimaryIsNotTheChoosenAdapter PrimaryIsNotTheChoosenAdapter PrimaryIsNotTheChoosenAdapter FoundDriverCount:4 
[2017.02.20-20.17.49:620][  0]LogD3D11RHI:     Adapter Name: NVIDIA GeForce GTX 1080
[2017.02.20-20.17.49:620][  0]LogD3D11RHI:   Driver Version: 376.53 (internal:21.21.13.7653, unified:376.53)
[2017.02.20-20.17.49:620][  0]LogD3D11RHI:      Driver Date: 12-29-2016
[2017.02.20-20.17.49:620][  0]LogRHI: Texture pool is 1361 MB (70% of 1945 MB)
[2017.02.20-20.17.50:075][  0]LogD3D11RHI: Async texture creation enabled
[2017.02.20-20.17.50:107][  0]LogD3D11RHI: GPU Timing Frequency: 1000.000000 (Debug: 2 1)
[2017.02.20-20.17.50:150][  0]LogShaderCompilers: Guid format shader working directory is -21 characters bigger than the processId version (../../../../../../Users/Diego/Documents/Unreal Projects/Platformer/Intermediate/Shaders/WorkingDirectory/12624/).
[2017.02.20-20.17.50:150][  0]LogShaderCompilers: Cleaned the shader compiler working directory 'C:/Users/Diego/AppData/Local/Temp/UnrealShaderWorkingDir/5E1540244B3814E8329F19A715F910C6/'.
[2017.02.20-20.17.50:150][  0]LogShaderCompilers:Display: Using Local Shader Compiler.
[2017.02.20-20.17.51:308][  0]LogTemp:Display: Loaded TP AllDesktopTargetPlatform
[2017.02.20-20.17.51:382][  0]LogTemp:Display: Loaded TP MacClientTargetPlatform
[2017.02.20-20.17.51:456][  0]LogTemp:Display: Loaded TP MacNoEditorTargetPlatform
[2017.02.20-20.17.51:531][  0]LogTemp:Display: Loaded TP MacServerTargetPlatform
[2017.02.20-20.17.51:604][  0]LogTemp:Display: Loaded TP MacTargetPlatform
[2017.02.20-20.17.51:678][  0]LogTemp:Display: Loaded TP WindowsClientTargetPlatform
[2017.02.20-20.17.51:751][  0]LogTemp:Display: Loaded TP WindowsNoEditorTargetPlatform
[2017.02.20-20.17.51:825][  0]LogTemp:Display: Loaded TP WindowsServerTargetPlatform
[2017.02.20-20.17.51:887][  0]LogTemp:Display: Loaded TP WindowsTargetPlatform
[2017.02.20-20.17.51:962][  0]LogTemp:Display: Loaded TP AndroidTargetPlatform
[2017.02.20-20.17.52:035][  0]LogTemp:Display: Loaded TP Android_ASTCTargetPlatform
[2017.02.20-20.17.52:107][  0]LogTemp:Display: Loaded TP Android_ATCTargetPlatform
[2017.02.20-20.17.52:179][  0]LogTemp:Display: Loaded TP Android_DXTTargetPlatform
[2017.02.20-20.17.52:254][  0]LogTemp:Display: Loaded TP Android_ETC1TargetPlatform
[2017.02.20-20.17.52:328][  0]LogTemp:Display: Loaded TP Android_ETC2TargetPlatform
[2017.02.20-20.17.52:473][  0]LogTemp:Display: Loaded TP Android_MultiTargetPlatform
[2017.02.20-20.17.52:473][  0]LogTemp:Display: Loaded TP Android_PVRTCTargetPlatform
[2017.02.20-20.17.52:528][  0]LogTemp:Display: Loaded TP HTML5TargetPlatform
[2017.02.20-20.17.52:654][  0]LogTemp:Display: Loaded TP IOSTargetPlatform
[2017.02.20-20.17.52:702][  0]LogTemp:Display: Loaded TP TVOSTargetPlatform
[2017.02.20-20.17.52:776][  0]LogTemp:Display: Loaded TP LinuxClientTargetPlatform
[2017.02.20-20.17.52:848][  0]LogTemp:Display: Loaded TP LinuxNoEditorTargetPlatform
[2017.02.20-20.17.52:922][  0]LogTemp:Display: Loaded TP LinuxServerTargetPlatform
[2017.02.20-20.17.52:997][  0]LogTemp:Display: Loaded TP LinuxTargetPlatform
[2017.02.20-20.17.52:997][  0]LogTargetPlatformManager:Display: Building Assets For Windows
[2017.02.20-20.17.53:627][  0]LogDerivedDataCache:Display: Max Cache Size: 512 MB
[2017.02.20-20.17.53:677][  0]LogDerivedDataCache: Loaded boot cache 0.05s 61MB C:/Users/Diego/AppData/Local/UnrealEngine/4.15/DerivedDataCache/Boot.ddc.
[2017.02.20-20.17.53:677][  0]LogDerivedDataCache:Display: Loaded Boot cache: C:/Users/Diego/AppData/Local/UnrealEngine/4.15/DerivedDataCache/Boot.ddc
[2017.02.20-20.17.53:677][  0]LogDerivedDataCache: FDerivedDataBackendGraph:  Pak pak cache file ../../../../../../Users/Diego/Documents/Unreal Projects/Platformer/DerivedDataCache/DDC.ddp not found, will not use a pak cache.
[2017.02.20-20.17.53:677][  0]LogDerivedDataCache: Unable to find inner node Pak for hierarchical cache Hierarchy.
[2017.02.20-20.17.53:677][  0]LogDerivedDataCache: FDerivedDataBackendGraph:  CompressedPak pak cache file ../../../../../../Users/Diego/Documents/Unreal Projects/Platformer/DerivedDataCache/Compressed.ddp not found, will not use a pak cache.
[2017.02.20-20.17.53:677][  0]LogDerivedDataCache: Unable to find inner node CompressedPak for hierarchical cache Hierarchy.
[2017.02.20-20.17.53:696][  0]LogDerivedDataCache:Display: Pak cache opened for reading ../../../Engine/DerivedDataCache/Compressed.ddp.
[2017.02.20-20.17.53:708][  0]LogDerivedDataCache: Using Local data cache path C:/Users/Diego/AppData/Local/UnrealEngine/Common/DerivedDataCache: Writable
[2017.02.20-20.17.53:717][  0]LogSlate: Using Freetype 2.6.0
[2017.02.20-20.17.53:718][  0]LogSlate: SlateFontCache - WITH_FREETYPE: 1, WITH_HARFBUZZ: 1
[2017.02.20-20.17.53:718][  0]LogSlate: SlateFontCache - WITH_FREETYPE: 1, WITH_HARFBUZZ: 1
[2017.02.20-20.17.54:001][  0]LogInit: Selected Device Profile: [Windows]
[2017.02.20-20.17.54:003][  0]LogContentStreaming: Texture pool size is 0.00 MB
[2017.02.20-20.17.54:254][  0]LogMeshUtilities: Using QuadricMeshReduction for automatic static mesh reduction
[2017.02.20-20.17.54:315][  0]LogSimplygon: Simplygon DLL not present - disabling.
[2017.02.20-20.17.54:377][  0]LogMeshUtilities: Using SimplygonSwarm for distributed automatic mesh merging
[2017.02.20-20.17.54:377][  0]LogMeshUtilities: No automatic skeletal mesh reduction module available
[2017.02.20-20.17.54:377][  0]LogMeshUtilities: No automatic mesh merging module available
[2017.02.20-20.17.54:976][  0]LogNetVersion: GetLocalNetworkVersion: CL: 3299760, ProjectName: platformer, ProjectVersion: , EngineNetworkVersion: 2, GameNetworkVersion: 0, NetworkChecksum: 2109167667
[2017.02.20-20.17.55:031][  0]LogAssetRegistry: FAssetRegistry took 0.0217 seconds to start up
[2017.02.20-20.17.55:109][  0]LogPackageLocalizationCache: Processed 3 localized package path(s) for 2 prioritized culture(s) in 0.045665 seconds
[2017.02.20-20.17.55:115][  0]LogUObjectArray: 32475 objects as part of root set at end of initial load.
[2017.02.20-20.17.55:115][  0]LogUObjectAllocator: 7073360 out of 0 bytes used by permanent object pool.
[2017.02.20-20.17.55:115][  0]LogUObjectArray: CloseDisregardForGC: 0/0 objects in disregard for GC pool
[2017.02.20-20.17.55:214][  0]LogInit: WinSock: version 1.1 (2.2), MaxSocks=32767, MaxUdp=65467
[2017.02.20-20.17.57:234][  0]LogTcpMessaging: Initializing TcpMessaging bridge
[2017.02.20-20.17.57:283][  0]LogUdpMessaging: Initializing bridge on interface 0.0.0.0:0 to multicast group 230.0.0.1:6666.
[2017.02.20-20.17.57:876][  0]LogMaterial: Uniform references updated for custom material expression Custom.
[2017.02.20-20.17.58:373][  0]SourceControl: Info Source control is disabled
[2017.02.20-20.17.58:374][  0]SourceControl: Info Source control is disabled
[2017.02.20-20.17.58:436][  0]SourceControl: Info Source control is disabled
[2017.02.20-20.17.58:497][  0]SourceControl: Info Source control is disabled
[2017.02.20-20.18.00:136][  0]LogEngine: Initializing Engine...
[2017.02.20-20.18.00:136][  0]LogHMD: Oculus plugin initialized. Version: 4.15.0-3299760+++UE4+Release-4.15, LibOVR: 1.11.0, SDK: 1.10.0, built Feb 14 2017, 02:10:09
[2017.02.20-20.18.00:255][  0]OCULUS: Debug: [HMDState] Using default profile default
[2017.02.20-20.18.00:255][  0]OCULUS: Info: IAD changed to 64.8mm
[2017.02.20-20.18.00:425][  0]LogAIModule: Creating AISystem for world Untitled
[2017.02.20-20.18.00:456][  0]LogInit: XAudio2 using 'Headphones (High Definition Audio Device)' : 2 channels at 44.1 kHz using 16 bits per sample (channel mask 0x3)
[2017.02.20-20.18.00:471][  0]LogInit: FAudioDevice initialized.
[2017.02.20-20.18.00:499][  0]LogDerivedDataCache: Saved boot cache 0.03s 50MB C:/Users/Diego/AppData/Local/UnrealEngine/4.15/DerivedDataCache/Boot.ddc.
[2017.02.20-20.18.00:504][  0]LogInit: Texture streaming: Enabled
[2017.02.20-20.18.00:649][  0]LogEngineSessionManager: EngineSessionManager initialized
[2017.02.20-20.18.00:766][  0]LogInit: Transaction tracking system initialized
[2017.02.20-20.18.01:243][  0]BlueprintLog: New page: Editor Load
[2017.02.20-20.18.02:469][  0]LocalizationService: Info Localization service is disabled
[2017.02.20-20.18.03:388][  0]LogConsoleResponse:Display: 
[2017.02.20-20.18.03:535][  0]LogCook:Display: Max memory allowance for cook 16384mb min free memory 0mb
[2017.02.20-20.18.03:535][  0]LogCook:Display: Mobile HDR setting 1
[2017.02.20-20.18.04:526][  0]LogFileCache: Scanning file cache for directory 'C:/Users/Diego/Documents/Unreal Projects/Platformer/Content/' took 0.02s
[2017.02.20-20.18.04:931][  0]SourceControl: Info Source control is disabled
[2017.02.20-20.18.04:931][  0]Cmd: MAP LOAD FILE="../../../../../../Users/Diego/Documents/Unreal Projects/Platformer/Content/Demo/Maps/Level_oo.umap" TEMPLATE=0 SHOWPROGRESS=1 FEATURELEVEL=3
[2017.02.20-20.18.04:931][  0]LightingResults: New page: Lighting Build
[2017.02.20-20.18.04:988][  0]MapCheck: New page: Map Check
[2017.02.20-20.18.04:988][  0]LightingResults: New page: Lighting Build
[2017.02.20-20.18.05:352][  0]LogAIModule: Creating AISystem for world Level_oo
[2017.02.20-20.18.05:359][  0]LogEditorServer: Finished looking for orphan Actors (0.000 secs)
[2017.02.20-20.18.05:359][  0]Cmd: MAP CHECKDEP NOCLEARLOG
[2017.02.20-20.18.05:407][  0]MapCheck: Info Map check complete: 0 Error(s), 0 Warning(s), took 47.907ms to complete.
[2017.02.20-20.18.05:407][  0]LogFileHelpers: Loading map 'Level_oo' took 0.476
[2017.02.20-20.18.05:474][  0]LogWindowsTextInputMethodSystem:Display: IME system now deactivated.
[2017.02.20-20.18.05:615][  0]LogCollectionManager: Loaded 0 collections in 0.001989 seconds
[2017.02.20-20.18.05:719][  0]LogFileCache: Scanning file cache for directory 'C:/Users/Diego/Documents/Unreal Projects/Platformer/Saved/Collections/' took 0.01s
[2017.02.20-20.18.05:719][  0]LogFileCache: Scanning file cache for directory 'C:/Users/Diego/Documents/Unreal Projects/Platformer/Content/Developers/Diego/Collections/' took 0.01s
[2017.02.20-20.18.05:719][  0]LogFileCache: Scanning file cache for directory 'C:/Users/Diego/Documents/Unreal Projects/Platformer/Content/Collections/' took 0.01s
[2017.02.20-20.18.05:719][  0]LogCollectionManager: Rebuilt the GUID cache for 0 collections in 0.000002 seconds
[2017.02.20-20.18.05:729][  0]LogContentBrowser: Native class hierarchy populated in 0.0098 seconds. Added 2244 classes and 450 folders.
[2017.02.20-20.18.05:733][  0]LogStats: UGameplayTagsManager::ConstructGameplayTagTree: Construct from data asset -  0.000 s
[2017.02.20-20.18.05:733][  0]LogStats: UGameplayTagsManager::ConstructGameplayTagTree: GameplayTagTreeChangedEvent.Broadcast -  0.000 s
[2017.02.20-20.18.05:824][  0]LogContentBrowser: Native class hierarchy updated for 'WidgetCarousel' in 0.0007 seconds. Added 0 classes and 0 folders.
[2017.02.20-20.18.05:863][  0]LogContentBrowser: Native class hierarchy updated for 'AddContentDialog' in 0.0008 seconds. Added 0 classes and 0 folders.
[2017.02.20-20.18.05:920][  0]LogContentBrowser: Native class hierarchy updated for 'SceneOutliner' in 0.0007 seconds. Added 1 classes and 2 folders.
[2017.02.20-20.18.06:042][  0]LogCrashTracker: Crashtracker disabled due to settings.
[2017.02.20-20.18.06:049][  0]LogUObjectGlobals:Warning: Failed to find object 'Class None.'
[2017.02.20-20.18.06:136][  0]LogContentBrowser: Native class hierarchy updated for 'HierarchicalLODOutliner' in 0.0009 seconds. Added 1 classes and 2 folders.
[2017.02.20-20.18.06:137][  0]LogLoad: (Engine Initialization) Total time: 19.88 seconds
[2017.02.20-20.18.06:137][  0]LogLoad: (Engine Initialization) Total Blueprint compile time: 0.16 seconds
[2017.02.20-20.18.06:137][  0]LogExternalProfiler: No external profilers were discovered.  External profiling features will not be available.
[2017.02.20-20.18.06:146][  0]LogOcInput: OculusInput pre-init called
[2017.02.20-20.18.06:158][  0]LogOcInput: OculusInput is initialized. Init status 0. Runtime version: 1.11.0
[2017.02.20-20.18.06:191][  0]LogContentStreaming: Texture pool size now 1000 MB
[2017.02.20-20.18.06:192][  0]LogSlate: Took 0.000243 seconds to synchronously load lazily loaded font '../../../Engine/Content/Slate/Fonts/Roboto-Regular.ttf' (155K)
[2017.02.20-20.18.06:196][  0]LogSlate: Took 0.000199 seconds to synchronously load lazily loaded font '../../../Engine/Content/Slate/Fonts/Roboto-Bold.ttf' (160K)
[2017.02.20-20.18.06:202][  0]LogSlate: Took 0.000268 seconds to synchronously load lazily loaded font '../../../Engine/Content/Editor/Slate/Fonts/FontAwesome.ttf' (139K)
[2017.02.20-20.18.06:332][  1]LogFileCache: Retrieving MD5 hashes for directory 'C:/Users/Diego/Documents/Unreal Projects/Platformer/Content/' took 0.16s
[2017.02.20-20.18.06:341][  1]LogAssetRegistry: Asset discovery search completed in 11.3321 seconds
[2017.02.20-20.18.06:341][  1]LogCollectionManager: Rebuilt the object cache for 0 collections in 0.000004 seconds (found 0 objects)
[2017.02.20-20.18.06:341][  1]LogCollectionManager: Fixed up redirectors for 0 collections in 0.000019 seconds (updated 0 objects)
[2017.02.20-20.18.06:367][  2]LogRenderer: Reallocating scene render targets to support 808x368 NumSamples 1 (Frame:2).
[2017.02.20-20.18.07:166][ 90]LogSlate: Took 0.000167 seconds to synchronously load lazily loaded font '../../../Engine/Content/Slate/Fonts/Roboto-Light.ttf' (159K)
[2017.02.20-20.18.12:126][631]LogRenderer: Reallocating scene render targets to support 1616x808 NumSamples 1 (Frame:625).
[2017.02.20-20.18.22:047][407]OCULUS: Debug: [HMDState] Using default profile default
[2017.02.20-20.18.22:047][407]OCULUS: Info: IAD changed to 64.8mm
[2017.02.20-20.18.22:047][407]LogHMD: New ovr session is created
[2017.02.20-20.18.22:047][407]LogHMD: HMD Oculus Rift CV1, res = 2160 x 1200
[2017.02.20-20.18.26:857][849]LogHMD: Reallocation of eye buffer was requested
[2017.02.20-20.18.26:859][849]LogHMD: Allocated a new swap texture set (size 2696 x 1588, mipcount = 1), 0x000002992C550840
[2017.02.20-20.18.26:887][849]LogRenderer: Reallocating scene render targets to support 2160x1200 NumSamples 1 (Frame:1553).
[2017.02.20-20.18.28:111][851]LogHMD: Allocated a new mirror texture (size 2576 x 1416)
[2017.02.20-20.18.28:111][851]LogRenderer: Reallocating scene render targets to support 2696x1588 NumSamples 1 (Frame:1554).
[2017.02.20-20.18.32:006][156]LogHMD: Vision Tracking Acquired
[2017.02.20-20.18.33:335][260]OCULUS: Info: [HMDState] Requested to SetForegroundWindow(1a0b1cll)
[2017.02.20-20.18.50:720][825]LogHMD: Lost Vision Tracking
[2017.02.20-20.18.51:732][916]LogHMD: Vision Tracking Acquired
[2017.02.20-20.18.51:995][940]OCULUS: Error: Prediction interval too high: 225.040650 s, clamping at 0.100000 s
[2017.02.20-20.19.00:396][695]LogHMD: Lost Vision Tracking
[2017.02.20-20.19.01:607][804]LogHMD: Vision Tracking Acquired
[2017.02.20-20.19.02:263][863]LogHMD: Lost Vision Tracking
[2017.02.20-20.19.02:828][914]LogHMD: Vision Tracking Acquired
[2017.02.20-20.19.21:907][531]LogHMD: Lost Vision Tracking
[2017.02.20-20.19.22:297][566]LogHMD: Vision Tracking Acquired
[2017.02.20-20.19.25:685][871]LogHMD: Lost Vision Tracking
[2017.02.20-20.19.25:951][895]LogHMD: Vision Tracking Acquired
[2017.02.20-20.19.29:408][206]LogHMD: Lost Vision Tracking
[2017.02.20-20.19.29:419][207]LogHMD: Vision Tracking Acquired
[2017.02.20-20.19.29:662][229]LogHMD: Lost Vision Tracking
[2017.02.20-20.19.29:807][242]LogHMD: Vision Tracking Acquired
[2017.02.20-20.19.30:984][349]LogHMD: Lost Vision Tracking
[2017.02.20-20.19.31:006][351]LogHMD: Vision Tracking Acquired
[2017.02.20-20.21.47:655][498]LogHMD: Destroying ovr session
[2017.02.20-20.21.47:655][498]LogHMD: Freeing textureSet 0x000002992C550840
[2017.02.20-20.21.47:675][498]OCULUS: Info: [HMDState] Requested to SetForegroundWindow(1a0b1cll)
[2017.02.20-20.21.47:768][498]LogPlayLevel: PlayLevel: No blueprints needed recompiling
[2017.02.20-20.21.47:787][498]OCULUS: Debug: [HMDState] Using default profile default
[2017.02.20-20.21.47:787][498]OCULUS: Info: IAD changed to 64.8mm
[2017.02.20-20.21.47:787][498]OCULUS: Info: [HMDState] Requested to SetForegroundWindow(1a0b1cll)
[2017.02.20-20.21.47:787][498]OCULUS: Info: [HMDState] Requested to SetForegroundWindow(1a0b1cll)
[2017.02.20-20.21.47:787][498]LogHMD: New ovr session is created
[2017.02.20-20.21.47:787][498]LogHMD: HMD Oculus Rift CV1, res = 2160 x 1200
[2017.02.20-20.21.47:788][498]PIE: New page: PIE session: Level_oo (Feb 20, 2017, 10:21:47 AM)
[2017.02.20-20.21.47:788][498]LogPlayLevel: Creating play world package: /Game/Demo/Maps/UEDPIE_0_Level_oo
[2017.02.20-20.21.47:791][498]LogPlayLevel: PIE: StaticDuplicateObject took: (0.002607s)
[2017.02.20-20.21.47:792][498]LogAIModule: Creating AISystem for world Level_oo
[2017.02.20-20.21.47:792][498]LogPlayLevel: PIE: World Init took: (0.000895s)
[2017.02.20-20.21.47:792][498]LogPlayLevel: PIE: Created PIE world by copying editor world from /Game/Demo/Maps/Level_oo.Level_oo to /Game/Demo/Maps/UEDPIE_0_Level_oo.Level_oo (0.003965s)
[2017.02.20-20.21.47:876][498]LogInit: XAudio2 using 'Headphones (Rift Audio)' : 2 channels at 48 kHz using 16 bits per sample (channel mask 0x3)
[2017.02.20-20.21.47:885][498]LogInit: FAudioDevice initialized.
[2017.02.20-20.21.47:999][498]LogLoad: Game class is '2DSideScrollerGameMode_C'
[2017.02.20-20.21.48:002][498]LogWorld: Bringing World /Game/Demo/Maps/UEDPIE_0_Level_oo.Level_oo up for play (max tick rate 0) at 2017.02.20-15.21.48
[2017.02.20-20.21.48:003][498]LogWorld: Bringing up level for play took: 0.001603
[2017.02.20-20.21.48:062][498]LogContentBrowser: Native class hierarchy updated for 'MovieSceneCapture' in 0.0010 seconds. Added 11 classes and 0 folders.
[2017.02.20-20.21.48:075][498]PIE: Info Play in editor start time for /Game/Demo/Maps/UEDPIE_0_Level_oo -0.106
[2017.02.20-20.21.48:086][498]LogHMD: Need to reallocate eye buffer, reason: no textureset was allocated
[2017.02.20-20.21.48:088][498]LogHMD: Allocated a new swap texture set (size 2696 x 1588, mipcount = 1), 0x000002993C504D10
[2017.02.20-20.21.48:119][498]LogHMD: Allocated a new mirror texture (size 1152 x 648)
[2017.02.20-20.22.24:482][774]OCULUS: Info: [HMDState] Requested to SetForegroundWindow(1d0a10ll)
[2017.02.20-20.22.37:891][979]LogHMD: Destroying ovr session
[2017.02.20-20.22.37:891][979]LogHMD: Freeing textureSet 0x000002993C504D10
[2017.02.20-20.22.37:905][979]OCULUS: Info: [HMDState] Requested to SetForegroundWindow(1d0a10ll)
[2017.02.20-20.22.38:206][980]OCULUS: Debug: [HMDState] Using default profile default
[2017.02.20-20.22.38:206][980]OCULUS: Info: IAD changed to 64.8mm
[2017.02.20-20.22.38:206][980]OCULUS: Info: [HMDState] Requested to SetForegroundWindow(1a0b1cll)
[2017.02.20-20.22.38:206][980]OCULUS: Info: [HMDState] Requested to SetForegroundWindow(1a0b1cll)
[2017.02.20-20.22.38:206][980]LogHMD: New ovr session is created
[2017.02.20-20.22.38:206][980]LogHMD: HMD Oculus Rift CV1, res = 2160 x 1200
[2017.02.20-20.22.38:221][980]LogHMD: Need to reallocate eye buffer, reason: no textureset was allocated
[2017.02.20-20.22.38:223][980]LogHMD: Allocated a new swap texture set (size 2696 x 1588, mipcount = 1), 0x000002993C505340
[2017.02.20-20.22.38:458][982]LogHMD: Allocated a new mirror texture (size 2576 x 1416)
[2017.02.20-20.22.49:378][964]LogHMD: Destroying ovr session
[2017.02.20-20.22.49:378][964]LogHMD: Freeing textureSet 0x000002993C505340
[2017.02.20-20.22.49:407][964]OCULUS: Info: [HMDState] Requested to SetForegroundWindow(1a0b1cll)
[2017.02.20-20.22.49:476][964]LogPlayLevel: PlayLevel: No blueprints needed recompiling
[2017.02.20-20.22.49:513][964]OCULUS: Debug: [HMDState] Using default profile default
[2017.02.20-20.22.49:513][964]OCULUS: Info: IAD changed to 64.8mm
[2017.02.20-20.22.49:513][964]OCULUS: Info: [HMDState] Requested to SetForegroundWindow(1a0b1cll)
[2017.02.20-20.22.49:513][964]OCULUS: Info: [HMDState] Requested to SetForegroundWindow(1a0b1cll)
[2017.02.20-20.22.49:513][964]LogHMD: New ovr session is created
[2017.02.20-20.22.49:513][964]LogHMD: HMD Oculus Rift CV1, res = 2160 x 1200
[2017.02.20-20.22.49:514][964]PIE: New page: PIE session: Level_oo (Feb 20, 2017, 10:22:49 AM)
[2017.02.20-20.22.49:514][964]LogPlayLevel: Creating play world package: /Game/Demo/Maps/UEDPIE_0_Level_oo
[2017.02.20-20.22.49:516][964]LogPlayLevel: PIE: StaticDuplicateObject took: (0.002064s)
[2017.02.20-20.22.49:517][964]LogAIModule: Creating AISystem for world Level_oo
[2017.02.20-20.22.49:517][964]LogPlayLevel: PIE: World Init took: (0.000686s)
[2017.02.20-20.22.49:517][964]LogPlayLevel: PIE: Created PIE world by copying editor world from /Game/Demo/Maps/Level_oo.Level_oo to /Game/Demo/Maps/UEDPIE_0_Level_oo.Level_oo (0.002982s)
[2017.02.20-20.22.49:563][964]LogInit: XAudio2 using 'Headphones (Rift Audio)' : 2 channels at 48 kHz using 16 bits per sample (channel mask 0x3)
[2017.02.20-20.22.49:569][964]LogInit: FAudioDevice initialized.
[2017.02.20-20.22.49:677][964]LogLoad: Game class is '2DSideScrollerGameMode_C'
[2017.02.20-20.22.49:680][964]LogWorld: Bringing World /Game/Demo/Maps/UEDPIE_0_Level_oo.Level_oo up for play (max tick rate 0) at 2017.02.20-15.22.49
[2017.02.20-20.22.49:680][964]LogWorld: Bringing up level for play took: 0.001487
[2017.02.20-20.22.49:689][964]PIE: Info Play in editor start time for /Game/Demo/Maps/UEDPIE_0_Level_oo -0.492
[2017.02.20-20.22.49:696][964]LogHMD: Need to reallocate eye buffer, reason: no textureset was allocated
[2017.02.20-20.22.49:698][964]LogHMD: Allocated a new swap texture set (size 2696 x 1588, mipcount = 1), 0x000002993BD4EFA0
[2017.02.20-20.22.49:728][964]LogHMD: Allocated a new mirror texture (size 1152 x 648)
[2017.02.20-20.22.55:602][494]LogHMD: Destroying ovr session
[2017.02.20-20.22.55:603][494]LogHMD: Freeing textureSet 0x000002993BD4EFA0
[2017.02.20-20.22.55:626][494]OCULUS: Info: [HMDState] Requested to SetForegroundWindow(420a7ell)
[2017.02.20-20.22.55:849][495]OCULUS: Debug: [HMDState] Using default profile default
[2017.02.20-20.22.55:849][495]OCULUS: Info: IAD changed to 64.8mm
[2017.02.20-20.22.55:849][495]OCULUS: Info: [HMDState] Requested to SetForegroundWindow(1a0b1cll)
[2017.02.20-20.22.55:849][495]OCULUS: Info: [HMDState] Requested to SetForegroundWindow(1a0b1cll)
[2017.02.20-20.22.55:849][495]LogHMD: New ovr session is created
[2017.02.20-20.22.55:850][495]LogHMD: HMD Oculus Rift CV1, res = 2160 x 1200
[2017.02.20-20.22.55:862][495]LogHMD: Need to reallocate eye buffer, reason: no textureset was allocated
[2017.02.20-20.22.55:864][495]LogHMD: Allocated a new swap texture set (size 2696 x 1588, mipcount = 1), 0x0000029975C70B30
[2017.02.20-20.22.56:072][497]LogHMD: Allocated a new mirror texture (size 2576 x 1416)
[2017.02.20-20.23.04:557][260]LogHMD: Destroying ovr session
[2017.02.20-20.23.04:558][260]LogHMD: Freeing textureSet 0x0000029975C70B30
[2017.02.20-20.23.05:552][352]OCULUS: Debug: [HMDState] Using default profile default
[2017.02.20-20.23.05:552][352]OCULUS: Info: IAD changed to 64.8mm
[2017.02.20-20.23.05:552][352]LogHMD: New ovr session is created
[2017.02.20-20.23.05:553][352]LogHMD: HMD Oculus Rift CV1, res = 2160 x 1200
[2017.02.20-20.23.06:159][392]LogHMD: Lost Vision Tracking
[2017.02.20-20.23.06:764][433]OCULUS: Info: IAD changed to 64.3mm
[2017.02.20-20.23.06:764][433]LogHMD: IAD has changed, new IAD is 0.0643 meters
[2017.02.20-20.24.09:020][457]OCULUS: Error: Prediction interval too high: 0.109262 s, clamping at 0.100000 s
[2017.02.20-20.29.03:112][409]LogSlate: Took 0.000145 seconds to synchronously load lazily loaded font '../../../Engine/Content/Slate/Fonts/Roboto-Light.ttf' (159K)
[2017.02.20-20.29.03:205][409]LogSavePackage: Save=27.78ms
[2017.02.20-20.29.03:205][409]LogSavePackage: Moving '../../../../../../Users/Diego/Documents/Unreal Projects/Platformer/Saved/Level_oo_Auto1533B99254F278E91CC3C45B08348C132.tmp' to '../../../../../../Users/Diego/Documents/Unreal Projects/Platformer/Saved/Autosaves/Game/Demo/Maps/Level_oo_Auto1.umap'
[2017.02.20-20.29.03:208][409]LogSavePackage:Display: Finished SavePackage ../../../../../../Users/Diego/Documents/Unreal Projects/Platformer/Saved/Autosaves/Game/Demo/Maps/Level_oo_Auto1.umap
[2017.02.20-20.29.03:212][409]LogFileHelpers: Editor autosave (incl. sublevels) for '/Game/Demo/Maps/Level_oo' took 0.067
[2017.02.20-20.29.03:212][409]LogFileHelpers: Editor autosave (incl. sublevels) for all levels took 0.067
[2017.02.20-23.42.16:141][669]LogSavePackage: Save=32.63ms
[2017.02.20-23.42.16:141][669]LogSavePackage: Moving '../../../../../../Users/Diego/Documents/Unreal Projects/Platformer/Saved/Level_oo2654CE174818E198A0A96AAC2C36B492.tmp' to '../../../../../../Users/Diego/Documents/Unreal Projects/Platformer/Content/Demo/Maps/Level_oo.umap'
[2017.02.20-23.42.16:147][669]LogSavePackage:Display: Finished SavePackage ../../../../../../Users/Diego/Documents/Unreal Projects/Platformer/Content/Demo/Maps/Level_oo.umap
[2017.02.20-23.42.16:186][669]Cmd: OBJ SAVEPACKAGE PACKAGE="/Game/Demo/Maps/Level_oo_BuiltData" FILE="../../../../../../Users/Diego/Documents/Unreal Projects/Platformer/Content/Demo/Maps/Level_oo_BuiltData.uasset" SILENT=true
[2017.02.20-23.42.16:206][669]LogSavePackage: Save=13.91ms
[2017.02.20-23.42.16:206][669]LogSavePackage: Moving '../../../../../../Users/Diego/Documents/Unreal Projects/Platformer/Saved/Level_oo_BuiltData69110C17483676C65AA5DFB868A1D8AD.tmp' to '../../../../../../Users/Diego/Documents/Unreal Projects/Platformer/Content/Demo/Maps/Level_oo_BuiltData.uasset'
[2017.02.20-23.42.16:208][669]LogSavePackage:Display: Finished SavePackage ../../../../../../Users/Diego/Documents/Unreal Projects/Platformer/Content/Demo/Maps/Level_oo_BuiltData.uasset
[2017.02.20-23.42.17:491][749]LogSavePackage: Save=26.81ms
[2017.02.20-23.42.17:491][749]LogSavePackage: Moving '../../../../../../Users/Diego/Documents/Unreal Projects/Platformer/Saved/Level_ooB1182FFC41E7C32132EF4AAD6796F448.tmp' to '../../../../../../Users/Diego/Documents/Unreal Projects/Platformer/Content/Demo/Maps/Level_oo.umap'
[2017.02.20-23.42.17:494][749]LogSavePackage:Display: Finished SavePackage ../../../../../../Users/Diego/Documents/Unreal Projects/Platformer/Content/Demo/Maps/Level_oo.umap
[2017.02.20-23.42.17:524][749]Cmd: OBJ SAVEPACKAGE PACKAGE="/Game/Demo/Maps/Level_oo_BuiltData" FILE="../../../../../../Users/Diego/Documents/Unreal Projects/Platformer/Content/Demo/Maps/Level_oo_BuiltData.uasset" SILENT=true
[2017.02.20-23.42.17:539][749]LogSavePackage: Save=8.92ms
[2017.02.20-23.42.17:539][749]LogSavePackage: Moving '../../../../../../Users/Diego/Documents/Unreal Projects/Platformer/Saved/Level_oo_BuiltDataBA0F34644AD331F6296440AA11A7D81D.tmp' to '../../../../../../Users/Diego/Documents/Unreal Projects/Platformer/Content/Demo/Maps/Level_oo_BuiltData.uasset'
[2017.02.20-23.42.17:542][749]LogSavePackage:Display: Finished SavePackage ../../../../../../Users/Diego/Documents/Unreal Projects/Platformer/Content/Demo/Maps/Level_oo_BuiltData.uasset
[2017.02.20-23.42.19:527][856]Cmd: QUIT_EDITOR
[2017.02.20-23.42.19:666][856]LogHMD: Destroying ovr session
[2017.02.20-23.42.19:669][856]LogWindowsTextInputMethodSystem:Display: IME system now deactivated.
[2017.02.20-23.42.19:706][856]LogExit: Preparing to exit.
[2017.02.20-23.42.20:558][856]LogDirectoryWatcher: A directory notification for 'C:/Users/Diego/Documents/Unreal Projects/Platformer/Content/' was aborted.
[2017.02.20-23.42.20:677][856]LogExit: Editor shut down
[2017.02.20-23.42.20:679][856]LogExit: Transaction tracking system shut down
[2017.02.20-23.42.20:810][856]LogObj: Freed 0b from 0 cluster array pools.
[2017.02.20-23.42.20:810][856]LogExit: Object subsystem successfully closed.
[2017.02.20-23.42.20:826][856]LogD3D11RHI: Shutdown
[2017.02.20-23.42.20:826][856]LogD3D11RHI: CleanupD3DDevice
[2017.02.20-23.42.20:930][856]LogD3D11RHI: ~FD3D11DynamicRHI
[2017.02.20-23.42.20:953][856]LogModuleManager: Shutting down and abandoning module MovieSceneCapture (498)
[2017.02.20-23.42.20:953][856]LogModuleManager: Shutting down and abandoning module HierarchicalLODOutliner (496)
[2017.02.20-23.42.20:953][856]LogModuleManager: Shutting down and abandoning module CrashTracker (494)
[2017.02.20-23.42.20:953][856]LogModuleManager: Shutting down and abandoning module SceneOutliner (492)
[2017.02.20-23.42.20:953][856]LogModuleManager: Shutting down and abandoning module AddContentDialog (490)
[2017.02.20-23.42.20:953][856]LogDirectoryWatcher: A directory notification for 'C:/Program Files/Epic Games/UE_4.15/FeaturePacks/' was aborted.
[2017.02.20-23.42.20:958][856]LogModuleManager: Shutting down and abandoning module WidgetCarousel (489)
[2017.02.20-23.42.20:958][856]LogModuleManager: Shutting down and abandoning module EditorWidgets (486)
[2017.02.20-23.42.20:958][856]LogModuleManager: Shutting down and abandoning module CollectionManager (484)
[2017.02.20-23.42.20:959][856]LogDirectoryWatcher: A directory notification for 'C:/Users/Diego/Documents/Unreal Projects/Platformer/Content/Collections/' was aborted.
[2017.02.20-23.42.20:959][856]LogDirectoryWatcher: A directory notification for 'C:/Users/Diego/Documents/Unreal Projects/Platformer/Content/Developers/Diego/Collections/' was aborted.
[2017.02.20-23.42.20:959][856]LogDirectoryWatcher: A directory notification for 'C:/Users/Diego/Documents/Unreal Projects/Platformer/Saved/Collections/' was aborted.
[2017.02.20-23.42.20:959][856]LogModuleManager: Shutting down and abandoning module StatsViewer (482)
[2017.02.20-23.42.20:959][856]LogModuleManager: Shutting down and abandoning module FoliageEdit (480)
[2017.02.20-23.42.20:959][856]LogModuleManager: Shutting down and abandoning module LandscapeEditor (478)
[2017.02.20-23.42.20:959][856]LogModuleManager: Shutting down and abandoning module SceneDepthPickerMode (476)
[2017.02.20-23.42.20:959][856]LogModuleManager: Shutting down and abandoning module ActorPickerMode (474)
[2017.02.20-23.42.20:959][856]LogModuleManager: Shutting down and abandoning module GeometryMode (472)
[2017.02.20-23.42.20:959][856]LogModuleManager: Shutting down and abandoning module TextureAlignMode (470)
[2017.02.20-23.42.20:959][856]LogModuleManager: Shutting down and abandoning module BspMode (468)
[2017.02.20-23.42.20:959][856]LogModuleManager: Shutting down and abandoning module HardwareSurvey (466)
[2017.02.20-23.42.20:959][856]LogModuleManager: Shutting down and abandoning module SequenceRecorderSections (464)
[2017.02.20-23.42.20:959][856]LogModuleManager: Shutting down and abandoning module AutomationWorker (462)
[2017.02.20-23.42.20:959][856]LogModuleManager: Shutting down and abandoning module MatineeToLevelSequence (460)
[2017.02.20-23.42.20:959][856]LogModuleManager: Shutting down and abandoning module LevelSequenceEditor (458)
[2017.02.20-23.42.20:959][856]LogModuleManager: Shutting down and abandoning module PlacementMode (457)
[2017.02.20-23.42.20:959][856]LogModuleManager: Shutting down and abandoning module WmfMediaFactory (454)
[2017.02.20-23.42.20:959][856]LogModuleManager: Shutting down and abandoning module WmfMediaEditor (452)
[2017.02.20-23.42.20:959][856]LogModuleManager: Shutting down and abandoning module MfMediaFactory (450)
[2017.02.20-23.42.20:959][856]LogModuleManager: Shutting down and abandoning module MfMediaEditor (448)
[2017.02.20-23.42.20:959][856]LogModuleManager: Shutting down and abandoning module AvfMediaFactory (446)
[2017.02.20-23.42.20:959][856]LogModuleManager: Shutting down and abandoning module AvfMediaEditor (444)
[2017.02.20-23.42.20:959][856]LogModuleManager: Shutting down and abandoning module AndroidMediaFactory (442)
[2017.02.20-23.42.20:959][856]LogModuleManager: Shutting down and abandoning module Media (441)
[2017.02.20-23.42.20:959][856]LogModuleManager: Shutting down and abandoning module AndroidMediaEditor (438)
[2017.02.20-23.42.20:959][856]LogModuleManager: Shutting down and abandoning module CharacterAI (436)
[2017.02.20-23.42.20:959][856]LogModuleManager: Shutting down and abandoning module AudioCapture (434)
[2017.02.20-23.42.20:959][856]LogModuleManager: Shutting down and abandoning module SequenceRecorder (433)
[2017.02.20-23.42.20:959][856]LogModuleManager: Shutting down and abandoning module SmartSnapping (430)
[2017.02.20-23.42.20:959][856]LogModuleManager: Shutting down and abandoning module SessionServices (428)
[2017.02.20-23.42.20:959][856]LogModuleManager: Shutting down and abandoning module ViewportSnapping (426)
[2017.02.20-23.42.20:959][856]LogModuleManager: Shutting down and abandoning module ViewportInteraction (424)
[2017.02.20-23.42.20:959][856]LogModuleManager: Shutting down and abandoning module LogVisualizer (422)
[2017.02.20-23.42.20:960][856]LogModuleManager: Shutting down and abandoning module IntroTutorials (420)
[2017.02.20-23.42.20:960][856]LogModuleManager: Shutting down and abandoning module GameProjectGeneration (419)
[2017.02.20-23.42.20:960][856]LogModuleManager: Shutting down and abandoning module EditorLiveStreaming (416)
[2017.02.20-23.42.20:960][856]LogModuleManager: Shutting down and abandoning module IOSPlatformEditor (414)
[2017.02.20-23.42.20:960][856]LogModuleManager: Shutting down and abandoning module HTML5PlatformEditor (412)
[2017.02.20-23.42.20:960][856]LogModuleManager: Shutting down and abandoning module AndroidPlatformEditor (410)
[2017.02.20-23.42.20:960][856]LogModuleManager: Shutting down and abandoning module AndroidDeviceDetection (409)
[2017.02.20-23.42.21:047][856]LogModuleManager: Shutting down and abandoning module IOSRuntimeSettings (406)
[2017.02.20-23.42.21:047][856]LogModuleManager: Shutting down and abandoning module AndroidRuntimeSettings (404)
[2017.02.20-23.42.21:047][856]LogModuleManager: Shutting down and abandoning module InputBindingEditor (402)
[2017.02.20-23.42.21:047][856]LogModuleManager: Shutting down and abandoning module NiagaraEditor (400)
[2017.02.20-23.42.21:048][856]LogModuleManager: Shutting down and abandoning module MergeActors (398)
[2017.02.20-23.42.21:048][856]LogModuleManager: Shutting down and abandoning module SizeMap (396)
[2017.02.20-23.42.21:048][856]LogModuleManager: Shutting down and abandoning module TreeMap (394)
[2017.02.20-23.42.21:048][856]LogModuleManager: Shutting down and abandoning module ReferenceViewer (392)
[2017.02.20-23.42.21:048][856]LogModuleManager: Shutting down and abandoning module LocalizationDashboard (390)
[2017.02.20-23.42.21:048][856]LogModuleManager: Shutting down and abandoning module LocalizationService (389)
[2017.02.20-23.42.21:048][856]LogModuleManager: Shutting down and abandoning module HardwareTargeting (386)
[2017.02.20-23.42.21:048][856]LogModuleManager: Shutting down and abandoning module DeviceProfileEditor (384)
[2017.02.20-23.42.21:048][856]LogModuleManager: Shutting down and abandoning module UndoHistory (382)
[2017.02.20-23.42.21:048][856]LogModuleManager: Shutting down and abandoning module UserFeedback (380)
[2017.02.20-23.42.21:048][856]LogModuleManager: Shutting down and abandoning module XmlParser (378)
[2017.02.20-23.42.21:048][856]LogModuleManager: Shutting down and abandoning module Blutility (376)
[2017.02.20-23.42.21:048][856]LogModuleManager: Shutting down and abandoning module ProjectSettingsViewer (374)
[2017.02.20-23.42.21:048][856]LogModuleManager: Shutting down and abandoning module ProjectTargetPlatformEditor (373)
[2017.02.20-23.42.21:049][856]LogModuleManager: Shutting down and abandoning module EditorSettingsViewer (370)
[2017.02.20-23.42.21:049][856]LogModuleManager: Shutting down and abandoning module SettingsEditor (368)
[2017.02.20-23.42.21:049][856]LogModuleManager: Shutting down and abandoning module ProjectLauncher (366)
[2017.02.20-23.42.21:049][856]LogModuleManager: Shutting down and abandoning module SessionFrontend (364)
[2017.02.20-23.42.21:049][856]LogModuleManager: Shutting down and abandoning module ProfilerClient (362)
[2017.02.20-23.42.21:049][856]LogModuleManager: Shutting down and abandoning module DeviceManager (360)
[2017.02.20-23.42.21:049][856]LogModuleManager: Shutting down and abandoning module TargetDeviceServices (359)
[2017.02.20-23.42.21:093][856]LogModuleManager: Shutting down and abandoning module AutomationController (356)
[2017.02.20-23.42.21:093][856]LogModuleManager: Shutting down and abandoning module AutomationWindow (354)
[2017.02.20-23.42.21:093][856]LogModuleManager: Shutting down and abandoning module Layers (352)
[2017.02.20-23.42.21:093][856]LogModuleManager: Shutting down and abandoning module ComponentVisualizers (350)
[2017.02.20-23.42.21:093][856]LogModuleManager: Shutting down and abandoning module DetailCustomizations (348)
[2017.02.20-23.42.21:093][856]LogModuleManager: Shutting down and abandoning module PackagesDialog (346)
[2017.02.20-23.42.21:093][856]LogModuleManager: Shutting down and abandoning module Persona (344)
[2017.02.20-23.42.21:093][856]LogModuleManager: Shutting down and abandoning module AnimGraph (343)
[2017.02.20-23.42.21:093][856]LogModuleManager: Shutting down and abandoning module Kismet (340)
[2017.02.20-23.42.21:094][856]LogModuleManager: Shutting down and abandoning module GraphEditor (338)
[2017.02.20-23.42.21:094][856]LogModuleManager: Shutting down and abandoning module ClassViewer (336)
[2017.02.20-23.42.21:094][856]LogModuleManager: Shutting down and abandoning module Toolbox (334)
[2017.02.20-23.42.21:094][856]LogModuleManager: Shutting down and abandoning module ModuleUI (332)
[2017.02.20-23.42.21:094][856]LogModuleManager: Shutting down and abandoning module MovieSceneTools (330)
[2017.02.20-23.42.21:094][856]LogModuleManager: Shutting down and abandoning module OutputLog (328)
[2017.02.20-23.42.21:094][856]LogModuleManager: Shutting down and abandoning module GammaUI (326)
[2017.02.20-23.42.21:094][856]LogModuleManager: Shutting down and abandoning module Documentation (324)
[2017.02.20-23.42.21:094][856]LogModuleManager: Shutting down and abandoning module Niagara (322)
[2017.02.20-23.42.21:094][856]LogModuleManager: Shutting down and abandoning module StreamingPauseRendering (320)
[2017.02.20-23.42.21:094][856]LogModuleManager: Shutting down and abandoning module AnalyticsET (318)
[2017.02.20-23.42.21:094][856]LogModuleManager: Shutting down and abandoning module PortalServices (316)
[2017.02.20-23.42.21:094][856]LogModuleManager: Shutting down and abandoning module PortalRpc (314)
[2017.02.20-23.42.21:095][856]LogModuleManager: Shutting down and abandoning module MessagingRpc (312)
[2017.02.20-23.42.21:095][856]LogModuleManager: Shutting down and abandoning module AIModule (310)
[2017.02.20-23.42.21:095][856]LogModuleManager: Shutting down and abandoning module GameplayDebugger (309)
[2017.02.20-23.42.21:095][856]LogModuleManager: Shutting down and abandoning module AITestSuite (307)
[2017.02.20-23.42.21:095][856]LogModuleManager: Shutting down and abandoning module ProfilerService (304)
[2017.02.20-23.42.21:256][856]LogModuleManager: Shutting down and abandoning module TaskGraph (302)
[2017.02.20-23.42.21:256][856]LogModuleManager: Shutting down and abandoning module SteamVRController (300)
[2017.02.20-23.42.21:256][856]LogModuleManager: Shutting down and abandoning module SteamVR (298)
[2017.02.20-23.42.21:256][856]LogModuleManager: Shutting down and abandoning module ProceduralMeshComponentEditor (296)
[2017.02.20-23.42.21:256][856]LogModuleManager: Shutting down and abandoning module ProceduralMeshComponent (294)
[2017.02.20-23.42.21:256][856]LogModuleManager: Shutting down and abandoning module OculusLibrary (292)
[2017.02.20-23.42.21:256][856]LogModuleManager: Shutting down and abandoning module OculusInput (290)
[2017.02.20-23.42.21:256][856]LogModuleManager: Shutting down and abandoning module MobilePatchingUtils (288)
[2017.02.20-23.42.21:256][856]LogModuleManager: Shutting down and abandoning module CustomMeshComponent (286)
[2017.02.20-23.42.21:256][856]LogModuleManager: Shutting down and abandoning module CableComponent (284)
[2017.02.20-23.42.21:256][856]LogModuleManager: Shutting down and abandoning module ArchVisCharacter (282)
[2017.02.20-23.42.21:256][856]LogModuleManager: Shutting down and abandoning module MediaPlayerEditor (278)
[2017.02.20-23.42.21:256][856]LogModuleManager: Shutting down and abandoning module HTML5Networking (276)
[2017.02.20-23.42.21:256][856]LogModuleManager: Shutting down and abandoning module AlembicImporter (274)
[2017.02.20-23.42.21:256][856]LogModuleManager: Shutting down and abandoning module AlembicLibrary (273)
[2017.02.20-23.42.21:257][856]LogModuleManager: Shutting down and abandoning module GeometryCache (272)
[2017.02.20-23.42.21:257][856]LogModuleManager: Shutting down and abandoning module GeometryCacheEd (271)
[2017.02.20-23.42.21:257][856]LogModuleManager: Shutting down and abandoning module SuperSearchEditor (266)
[2017.02.20-23.42.21:257][856]LogModuleManager: Shutting down and abandoning module SuperSearch (265)
[2017.02.20-23.42.21:257][856]LogModuleManager: Shutting down and abandoning module SpeedTreeImporter (262)
[2017.02.20-23.42.21:257][856]LogModuleManager: Shutting down and abandoning module PluginBrowser (260)
[2017.02.20-23.42.21:257][856]LogModuleManager: Shutting down and abandoning module MobileLauncherProfileWizard (258)
[2017.02.20-23.42.21:257][856]LogModuleManager: Shutting down and abandoning module EpicSurvey (256)
[2017.02.20-23.42.21:257][856]LogModuleManager: Shutting down and abandoning module VisualStudioSourceCodeAccess (254)
[2017.02.20-23.42.21:257][856]LogModuleManager: Shutting down and abandoning module DesktopPlatform (253)
[2017.02.20-23.42.21:257][856]LogModuleManager: Shutting down and abandoning module UObjectPlugin (250)
[2017.02.20-23.42.21:257][856]LogModuleManager: Shutting down and abandoning module SubversionSourceControl (248)
[2017.02.20-23.42.21:257][856]LogModuleManager: Shutting down and abandoning module PerforceSourceControl (246)
[2017.02.20-23.42.21:257][856]LogModuleManager: Shutting down and abandoning module GitSourceControl (244)
[2017.02.20-23.42.21:257][856]LogModuleManager: Shutting down and abandoning module SourceControl (243)
[2017.02.20-23.42.21:257][856]LogModuleManager: Shutting down and abandoning module LightPropagationVolumeEditor (240)
[2017.02.20-23.42.21:257][856]LogModuleManager: Shutting down and abandoning module PaperTiledImporter (238)
[2017.02.20-23.42.21:257][856]LogModuleManager: Shutting down and abandoning module PaperSpriteSheetImporter (236)
[2017.02.20-23.42.21:257][856]LogModuleManager: Shutting down and abandoning module Paper2DEditor (234)
[2017.02.20-23.42.21:257][856]LogModuleManager: Shutting down and abandoning module MeshPaint (233)
[2017.02.20-23.42.21:257][856]LogModuleManager: Shutting down and abandoning module LevelEditor (231)
[2017.02.20-23.42.21:258][856]LogModuleManager: Shutting down and abandoning module PixelInspectorModule (230)
[2017.02.20-23.42.21:258][856]LogModuleManager: Shutting down and abandoning module MainFrame (228)
[2017.02.20-23.42.21:258][856]LogModuleManager: Shutting down and abandoning module HotReload (227)
[2017.02.20-23.42.21:258][856]LogModuleManager: Shutting down and abandoning module ContentBrowser (223)
[2017.02.20-23.42.21:260][856]LogModuleManager: Shutting down and abandoning module PhysXVehiclesEditor (220)
[2017.02.20-23.42.21:260][856]LogModuleManager: Shutting down and abandoning module PhysXVehicles (218)
[2017.02.20-23.42.21:260][856]LogModuleManager: Shutting down and abandoning module LocationServicesBPLibrary (216)
[2017.02.20-23.42.21:260][856]LogModuleManager: Shutting down and abandoning module UdpMessaging (214)
[2017.02.20-23.42.21:361][856]LogModuleManager: Shutting down and abandoning module TcpMessaging (212)
[2017.02.20-23.42.21:462][856]LogModuleManager: Shutting down and abandoning module GameplayTagsEditor (210)
[2017.02.20-23.42.21:462][856]LogModuleManager: Shutting down and abandoning module FacialAnimationEditor (208)
[2017.02.20-23.42.21:462][856]LogModuleManager: Shutting down and abandoning module FacialAnimation (206)
[2017.02.20-23.42.21:462][856]LogModuleManager: Shutting down and abandoning module LightPropagationVolumeRuntime (204)
[2017.02.20-23.42.21:462][856]LogModuleManager: Shutting down and abandoning module Paper2D (202)
[2017.02.20-23.42.21:462][856]LogModuleManager: Shutting down and abandoning module WindowsMoviePlayer (200)
[2017.02.20-23.42.21:462][856]LogModuleManager: Shutting down and abandoning module WmfMedia (198)
[2017.02.20-23.42.21:462][856]LogModuleManager: Shutting down and abandoning module MfMedia (196)
[2017.02.20-23.42.21:462][856]LogModuleManager: Shutting down and abandoning module MediaAssets (194)
[2017.02.20-23.42.21:462][856]LogModuleManager: Shutting down and abandoning module GameLiveStreaming (192)
[2017.02.20-23.42.21:462][856]LogModuleManager: Shutting down and abandoning module VREditor (190)
[2017.02.20-23.42.21:462][856]LogModuleManager: Shutting down and abandoning module GameplayTasksEditor (188)
[2017.02.20-23.42.21:462][856]LogModuleManager: Shutting down and abandoning module BehaviorTreeEditor (186)
[2017.02.20-23.42.21:462][856]LogModuleManager: Shutting down and abandoning module FunctionalTesting (184)
[2017.02.20-23.42.21:462][856]LogModuleManager: Shutting down and abandoning module CollisionAnalyzer (182)
[2017.02.20-23.42.21:462][856]LogModuleManager: Shutting down and abandoning module UMG (180)
[2017.02.20-23.42.21:462][856]LogModuleManager: Shutting down and abandoning module UMGEditor (179)
[2017.02.20-23.42.21:462][856]LogModuleManager: Shutting down and abandoning module Sequencer (178)
[2017.02.20-23.42.21:462][856]LogModuleManager: Shutting down and abandoning module AssetTools (176)
[2017.02.20-23.42.21:462][856]LogModuleManager: Shutting down and abandoning module MessageLog (175)
[2017.02.20-23.42.21:462][856]LogModuleManager: Shutting down and abandoning module WorkspaceMenuStructure (174)
[2017.02.20-23.42.21:463][856]LogModuleManager: Shutting down and abandoning module SlateReflector (168)
[2017.02.20-23.42.21:463][856]LogModuleManager: Shutting down and abandoning module Slate (166)
[2017.02.20-23.42.21:463][856]LogModuleManager: Shutting down and abandoning module EditorStyle (164)
[2017.02.20-23.42.21:466][856]LogModuleManager: Shutting down and abandoning module SourceCodeAccess (162)
[2017.02.20-23.42.21:466][856]LogModuleManager: Shutting down and abandoning module HeadMountedDisplay (160)
[2017.02.20-23.42.21:466][856]LogModuleManager: Shutting down and abandoning module XAudio2 (158)
[2017.02.20-23.42.21:466][856]LogModuleManager: Shutting down and abandoning module Networking (156)
[2017.02.20-23.42.21:466][856]LogModuleManager: Shutting down and abandoning module Core (152)
[2017.02.20-23.42.21:466][856]LogModuleManager: Shutting down and abandoning module AssetRegistry (150)
[2017.02.20-23.42.21:564][856]LogDirectoryWatcher: A directory notification for '../../../Engine/Content/' was aborted.
[2017.02.20-23.42.21:565][856]LogDirectoryWatcher: A directory notification for '../../../../../../Users/Diego/Documents/Unreal Projects/Platformer/Content/' was aborted.
[2017.02.20-23.42.21:565][856]LogDirectoryWatcher: A directory notification for '../../../Engine/Plugins/2D/Paper2D/Content/' was aborted.
[2017.02.20-23.42.21:565][856]LogModuleManager: Shutting down and abandoning module DirectoryWatcher (149)
[2017.02.20-23.42.21:569][856]LogModuleManager: Shutting down and abandoning module KismetCompiler (146)
[2017.02.20-23.42.21:569][856]LogModuleManager: Shutting down and abandoning module PhysXFormats (144)
[2017.02.20-23.42.21:569][856]LogModuleManager: Shutting down and abandoning module MeshUtilities (142)
[2017.02.20-23.42.21:569][856]LogModuleManager: Shutting down and abandoning module SimplygonSwarm (141)
[2017.02.20-23.42.21:569][856]LogModuleManager: Shutting down and abandoning module SimplygonMeshReduction (139)
[2017.02.20-23.42.21:569][856]LogModuleManager: Shutting down and abandoning module QuadricMeshReduction (137)
[2017.02.20-23.42.21:569][856]LogModuleManager: Shutting down and abandoning module PropertyEditor (135)
[2017.02.20-23.42.21:569][856]LogModuleManager: Shutting down and abandoning module DerivedDataCache (132)
[2017.02.20-23.42.21:661][856]LogDerivedDataCache: Shutdown
[2017.02.20-23.42.21:661][856]LogModuleManager: Shutting down and abandoning module TargetPlatform (130)
[2017.02.20-23.42.21:661][856]LogModuleManager: Shutting down and abandoning module VulkanShaderFormat (129)
[2017.02.20-23.42.21:661][856]LogModuleManager: Shutting down and abandoning module ShaderFormatOpenGL (127)
[2017.02.20-23.42.21:661][856]LogModuleManager: Shutting down and abandoning module ShaderFormatD3D (125)
[2017.02.20-23.42.21:661][856]LogModuleManager: Shutting down and abandoning module MetalShaderFormat (123)
[2017.02.20-23.42.21:661][856]LogModuleManager: Shutting down and abandoning module TextureFormatUncompressed (121)
[2017.02.20-23.42.21:661][856]LogModuleManager: Shutting down and abandoning module TextureFormatPVR (119)
[2017.02.20-23.42.21:662][856]LogModuleManager: Shutting down and abandoning module TextureFormatDXT (117)
[2017.02.20-23.42.21:662][856]LogModuleManager: Shutting down and abandoning module TextureFormatIntelISPCTexComp (115)
[2017.02.20-23.42.21:662][856]LogModuleManager: Shutting down and abandoning module TextureFormatASTC (113)
[2017.02.20-23.42.21:662][856]LogModuleManager: Shutting down and abandoning module ImageWrapper (112)
[2017.02.20-23.42.21:662][856]LogModuleManager: Shutting down and abandoning module TextureFormatAndroid (109)
[2017.02.20-23.42.21:662][856]LogModuleManager: Shutting down and abandoning module AudioFormatOpus (107)
[2017.02.20-23.42.21:662][856]LogModuleManager: Shutting down and abandoning module AudioFormatOgg (105)
[2017.02.20-23.42.21:662][856]LogModuleManager: Shutting down and abandoning module AudioFormatADPCM (103)
[2017.02.20-23.42.21:662][856]LogModuleManager: Shutting down and abandoning module LinuxTargetPlatform (101)
[2017.02.20-23.42.21:662][856]LogModuleManager: Shutting down and abandoning module LinuxServerTargetPlatform (99)
[2017.02.20-23.42.21:662][856]LogModuleManager: Shutting down and abandoning module LinuxNoEditorTargetPlatform (97)
[2017.02.20-23.42.21:662][856]LogModuleManager: Shutting down and abandoning module LinuxClientTargetPlatform (95)
[2017.02.20-23.42.21:662][856]LogModuleManager: Shutting down and abandoning module TVOSTargetPlatform (93)
[2017.02.20-23.42.21:662][856]LogModuleManager: Shutting down and abandoning module Messaging (91)
[2017.02.20-23.42.21:662][856]LogModuleManager: Shutting down and abandoning module IOSTargetPlatform (89)
[2017.02.20-23.42.21:662][856]LogModuleManager: Shutting down and abandoning module HTML5TargetPlatform (87)
[2017.02.20-23.42.21:662][856]LogModuleManager: Shutting down and abandoning module Android_PVRTCTargetPlatform (85)
[2017.02.20-23.42.21:662][856]LogModuleManager: Shutting down and abandoning module Android_MultiTargetPlatform (83)
[2017.02.20-23.42.21:662][856]LogModuleManager: Shutting down and abandoning module Android_ETC2TargetPlatform (81)
[2017.02.20-23.42.21:662][856]LogModuleManager: Shutting down and abandoning module Android_ETC1TargetPlatform (79)
[2017.02.20-23.42.21:662][856]LogModuleManager: Shutting down and abandoning module Android_DXTTargetPlatform (77)
[2017.02.20-23.42.21:662][856]LogModuleManager: Shutting down and abandoning module Android_ATCTargetPlatform (75)
[2017.02.20-23.42.21:662][856]LogModuleManager: Shutting down and abandoning module Android_ASTCTargetPlatform (73)
[2017.02.20-23.42.21:662][856]LogModuleManager: Shutting down and abandoning module AndroidTargetPlatform (71)
[2017.02.20-23.42.21:662][856]LogModuleManager: Shutting down and abandoning module WindowsTargetPlatform (69)
[2017.02.20-23.42.21:662][856]LogModuleManager: Shutting down and abandoning module WindowsServerTargetPlatform (67)
[2017.02.20-23.42.21:662][856]LogModuleManager: Shutting down and abandoning module WindowsNoEditorTargetPlatform (65)
[2017.02.20-23.42.21:662][856]LogModuleManager: Shutting down and abandoning module WindowsClientTargetPlatform (63)
[2017.02.20-23.42.21:662][856]LogModuleManager: Shutting down and abandoning module MacTargetPlatform (61)
[2017.02.20-23.42.21:662][856]LogModuleManager: Shutting down and abandoning module MacServerTargetPlatform (59)
[2017.02.20-23.42.21:662][856]LogModuleManager: Shutting down and abandoning module MacNoEditorTargetPlatform (57)
[2017.02.20-23.42.21:662][856]LogModuleManager: Shutting down and abandoning module MacClientTargetPlatform (55)
[2017.02.20-23.42.21:662][856]LogModuleManager: Shutting down and abandoning module AllDesktopTargetPlatform (53)
[2017.02.20-23.42.21:662][856]LogModuleManager: Shutting down and abandoning module InputCore (50)
[2017.02.20-23.42.21:662][856]LogModuleManager: Shutting down and abandoning module Settings (48)
[2017.02.20-23.42.21:662][856]LogModuleManager: Shutting down and abandoning module OculusRift (46)
[2017.02.20-23.42.21:663][856]LogHMD: Oculus shutdown.
[2017.02.20-23.42.21:663][856]LogModuleManager: Shutting down and abandoning module ExampleDeviceProfileSelector (44)
[2017.02.20-23.42.21:663][856]LogModuleManager: Shutting down and abandoning module OnlineBlueprintSupport (42)
[2017.02.20-23.42.21:663][856]LogModuleManager: Shutting down and abandoning module OnlineSubsystem (38)
[2017.02.20-23.42.21:663][856]LogOnline:Display: Unloading online subsystem: NULL
[2017.02.20-23.42.21:663][856]LogModuleManager: Shutting down and abandoning module XMPP (37)
[2017.02.20-23.42.21:663][856]LogModuleManager: Shutting down and abandoning module HTTP (35)
[2017.02.20-23.42.21:664][856]LogHttp:Display: Http module shutting down, but needs to wait on 1 outstanding Http requests:
[2017.02.20-23.42.21:664][856]LogHttp:Display: 	verb=[POST] url=[https://datarouter.ol.epicgames.com/datarouter/api/v1/public/data?SessionID=%7B0895A9AE-413A-4744-912D-8689A7621060%7D&AppID=UEEditor.Rocket.Release&AppVersion=4.15.0-3299760%2B%2B%2BUE4%2BRelease-4.15&UserID=dca4383640898b646046378d23acdc21%7C3929b87382cd428b9fca1ed04c42636e%7C7a5f64a3-a8d2-4ecc-a1f0-44ff11db6362&AppEnvironment=datacollector-binary&UploadType=eteventstream] status=Processing
[2017.02.20-23.42.21:687][856]LogModuleManager: Shutting down and abandoning module SSL (34)
[2017.02.20-23.42.21:689][856]LogModuleManager: Shutting down and abandoning module AudioEditor (30)
[2017.02.20-23.42.21:689][856]LogModuleManager: Shutting down and abandoning module TextureCompressor (28)
[2017.02.20-23.42.21:689][856]LogModuleManager: Shutting down and abandoning module ShaderCore (26)
[2017.02.20-23.42.21:690][856]LogModuleManager: Shutting down and abandoning module Landscape (24)
[2017.02.20-23.42.21:690][856]LogModuleManager: Shutting down and abandoning module SlateRHIRenderer (22)
[2017.02.20-23.42.21:695][856]LogModuleManager: Shutting down and abandoning module OpenGLDrv (20)
[2017.02.20-23.42.21:695][856]LogModuleManager: Shutting down and abandoning module D3D11RHI (18)
[2017.02.20-23.42.21:695][856]LogModuleManager: Shutting down and abandoning module AnimGraphRuntime (16)
[2017.02.20-23.42.21:695][856]LogModuleManager: Shutting down and abandoning module Renderer (14)
[2017.02.20-23.42.21:695][856]LogModuleManager: Shutting down and abandoning module Engine (12)
[2017.02.20-23.42.21:695][856]LogModuleManager: Shutting down and abandoning module CoreUObject (10)
[2017.02.20-23.42.21:695][856]LogModuleManager: Shutting down and abandoning module NetworkFile (8)
[2017.02.20-23.42.21:695][856]LogModuleManager: Shutting down and abandoning module StreamingFile (6)
[2017.02.20-23.42.21:695][856]LogModuleManager: Shutting down and abandoning module SandboxFile (4)
[2017.02.20-23.42.21:695][856]LogModuleManager: Shutting down and abandoning module PakFile (2)
[2017.02.20-23.42.21:697][856]LogExit: Exiting.
[2017.02.20-23.42.21:702][856]Log file closed, 02/20/17 18:42:21
